[debug] [2021-03-02T03:55:03.381Z] ----------------------------------------------------------------------
[debug] [2021-03-02T03:55:03.383Z] Command:       /usr/local/bin/node /Users/spiromax/.npm-global/bin/firebase deploy
[debug] [2021-03-02T03:55:03.383Z] CLI Version:   9.5.0
[debug] [2021-03-02T03:55:03.383Z] Platform:      darwin
[debug] [2021-03-02T03:55:03.383Z] Node Version:  v14.15.4
[debug] [2021-03-02T03:55:03.385Z] Time:          Mon Mar 01 2021 19:55:03 GMT-0800 (Pacific Standard Time)
[debug] [2021-03-02T03:55:03.385Z] ----------------------------------------------------------------------
[debug] [2021-03-02T03:55:03.385Z] 
[debug] [2021-03-02T03:55:03.391Z] > command requires scopes: ["email","openid","https://www.googleapis.com/auth/cloudplatformprojects.readonly","https://www.googleapis.com/auth/firebase","https://www.googleapis.com/auth/cloud-platform"]
[debug] [2021-03-02T03:55:03.392Z] > authorizing via signed-in user
[debug] [2021-03-02T03:55:03.392Z] [iam] checking project spirovanni-369 for permissions ["firebase.projects.get","firebasehosting.sites.update"]
[debug] [2021-03-02T03:55:03.393Z] >>> HTTP REQUEST POST https://cloudresourcemanager.googleapis.com/v1/projects/spirovanni-369:testIamPermissions  
 {"permissions":["firebase.projects.get","firebasehosting.sites.update"]}
[debug] [2021-03-02T03:55:03.651Z] <<< HTTP RESPONSE 200 {"content-type":"application/json; charset=UTF-8","vary":"X-Origin, Referer, Origin,Accept-Encoding","date":"Tue, 02 Mar 2021 03:55:03 GMT","server":"ESF","cache-control":"private","x-xss-protection":"0","x-frame-options":"SAMEORIGIN","x-content-type-options":"nosniff","server-timing":"gfet4t7; dur=71","alt-svc":"h3-29=\":443\"; ma=2592000,h3-T051=\":443\"; ma=2592000,h3-Q050=\":443\"; ma=2592000,h3-Q046=\":443\"; ma=2592000,h3-Q043=\":443\"; ma=2592000,quic=\":443\"; ma=2592000; v=\"46,43\"","accept-ranges":"none","transfer-encoding":"chunked"}
[debug] [2021-03-02T03:55:03.653Z] > refreshing access token with scopes: []
[debug] [2021-03-02T03:55:03.653Z] >>> HTTP REQUEST POST https://www.googleapis.com/oauth2/v3/token  
 <request body omitted>
[debug] [2021-03-02T03:55:03.830Z] <<< HTTP RESPONSE 200 {"pragma":"no-cache","expires":"Mon, 01 Jan 1990 00:00:00 GMT","date":"Tue, 02 Mar 2021 03:55:03 GMT","cache-control":"no-cache, no-store, max-age=0, must-revalidate","content-type":"application/json; charset=utf-8","vary":"X-Origin, Referer, Origin,Accept-Encoding","server":"scaffolding on HTTPServer2","x-xss-protection":"0","x-frame-options":"SAMEORIGIN","x-content-type-options":"nosniff","alt-svc":"h3-29=\":443\"; ma=2592000,h3-T051=\":443\"; ma=2592000,h3-Q050=\":443\"; ma=2592000,h3-Q046=\":443\"; ma=2592000,h3-Q043=\":443\"; ma=2592000,quic=\":443\"; ma=2592000; v=\"46,43\"","accept-ranges":"none","transfer-encoding":"chunked"}
[debug] [2021-03-02T03:55:03.859Z] >>> [apiv2][query] GET https://firebase.googleapis.com/v1beta1/projects/spirovanni-369 [none]
[debug] [2021-03-02T03:55:04.113Z] <<< [apiv2][status] GET https://firebase.googleapis.com/v1beta1/projects/spirovanni-369 200
[debug] [2021-03-02T03:55:04.113Z] <<< [apiv2][body] GET https://firebase.googleapis.com/v1beta1/projects/spirovanni-369 {"projectId":"spirovanni-369","projectNumber":"86265113673","displayName":"spirovanni","name":"projects/spirovanni-369","resources":{"hostingSite":"spirovanni-369"},"state":"ACTIVE"}
[info] 
[info] === Deploying to 'spirovanni-369'...
[info] 
[info] i  deploying hosting 
[debug] [2021-03-02T03:55:04.115Z] > refreshing access token with scopes: ["email","https://www.googleapis.com/auth/cloud-platform","https://www.googleapis.com/auth/cloudplatformprojects.readonly","https://www.googleapis.com/auth/firebase","openid"]
[debug] [2021-03-02T03:55:04.116Z] >>> HTTP REQUEST POST https://www.googleapis.com/oauth2/v3/token  
 <request body omitted>
[debug] [2021-03-02T03:55:04.271Z] <<< HTTP RESPONSE 200 {"date":"Tue, 02 Mar 2021 03:55:04 GMT","pragma":"no-cache","cache-control":"no-cache, no-store, max-age=0, must-revalidate","expires":"Mon, 01 Jan 1990 00:00:00 GMT","content-type":"application/json; charset=utf-8","vary":"X-Origin, Referer, Origin,Accept-Encoding","server":"scaffolding on HTTPServer2","x-xss-protection":"0","x-frame-options":"SAMEORIGIN","x-content-type-options":"nosniff","alt-svc":"h3-29=\":443\"; ma=2592000,h3-T051=\":443\"; ma=2592000,h3-Q050=\":443\"; ma=2592000,h3-Q046=\":443\"; ma=2592000,h3-Q043=\":443\"; ma=2592000,quic=\":443\"; ma=2592000; v=\"46,43\"","accept-ranges":"none","transfer-encoding":"chunked"}
[debug] [2021-03-02T03:55:04.293Z] >>> HTTP REQUEST POST https://firebasehosting.googleapis.com/v1beta1/sites/spirovanni-369/versions  
 {"config":{"rewrites":[{"glob":"**","path":"/index.html"}]},"labels":{"deployment-tool":"cli-firebase"}}
[debug] [2021-03-02T03:55:04.931Z] <<< HTTP RESPONSE 200 {"content-type":"application/json; charset=UTF-8","vary":"X-Origin, Referer, Origin,Accept-Encoding","date":"Tue, 02 Mar 2021 03:55:04 GMT","server":"ESF","cache-control":"private","x-xss-protection":"0","x-frame-options":"SAMEORIGIN","x-content-type-options":"nosniff","alt-svc":"h3-29=\":443\"; ma=2592000,h3-T051=\":443\"; ma=2592000,h3-Q050=\":443\"; ma=2592000,h3-Q046=\":443\"; ma=2592000,h3-Q043=\":443\"; ma=2592000,quic=\":443\"; ma=2592000; v=\"46,43\"","accept-ranges":"none","transfer-encoding":"chunked"}
[info] i  hosting[spirovanni-369]: beginning deploy... 
[info] i  hosting[spirovanni-369]: found 142 files in dist/spirovanni 
[debug] [2021-03-02T03:55:05.730Z] > refreshing access token with scopes: []
[debug] [2021-03-02T03:55:05.730Z] >>> HTTP REQUEST POST https://www.googleapis.com/oauth2/v3/token  
 <request body omitted>
[debug] [2021-03-02T03:55:05.736Z] [hosting] hash cache [ZGlzdC9zcGlyb3Zhbm5p] stored for 142 files
[debug] [2021-03-02T03:55:05.736Z] [hosting][hash queue][FINAL] {"max":704,"min":22,"avg":76.94366197183098,"active":0,"complete":142,"success":142,"errored":0,"retried":0,"total":142,"elapsed":786}
[debug] [2021-03-02T03:55:05.902Z] <<< HTTP RESPONSE 200 {"date":"Tue, 02 Mar 2021 03:55:05 GMT","cache-control":"no-cache, no-store, max-age=0, must-revalidate","expires":"Mon, 01 Jan 1990 00:00:00 GMT","pragma":"no-cache","content-type":"application/json; charset=utf-8","vary":"X-Origin, Referer, Origin,Accept-Encoding","server":"scaffolding on HTTPServer2","x-xss-protection":"0","x-frame-options":"SAMEORIGIN","x-content-type-options":"nosniff","alt-svc":"h3-29=\":443\"; ma=2592000,h3-T051=\":443\"; ma=2592000,h3-Q050=\":443\"; ma=2592000,h3-Q046=\":443\"; ma=2592000,h3-Q043=\":443\"; ma=2592000,quic=\":443\"; ma=2592000; v=\"46,43\"","accept-ranges":"none","transfer-encoding":"chunked"}
[debug] [2021-03-02T03:55:05.928Z] >>> [apiv2][query] POST https://firebasehosting.googleapis.com/v1beta1/sites/spirovanni-369/versions/59d5d362d329d8ac:populateFiles [none]
[debug] [2021-03-02T03:55:05.928Z] >>> [apiv2][body] POST https://firebasehosting.googleapis.com/v1beta1/sites/spirovanni-369/versions/59d5d362d329d8ac:populateFiles {"files":{"/common.js":"bcc2c3932d1bcf6d7468d6667e12b9114c4fe96bbd3e88246a6f02385381f8c3","/common.js.map":"1e08a2422bf033200c309b62e7a0141bf3cc6fa6d75f9b63850933f88f53add4","/data-table.eot":"5fdfa876af1fc3b9709504ed9e87dcfe1495548f4f7ea3c8edcca9cc9fbaadbf","/data-table.svg":"4b2334ae5b26047caa7544ecc7394bb3945b2945880909f1cfb55ce9b3cf9deb","/data-table.woff":"5ae676abc476d876917c5cb0afc063c1293c55927ca64fb9b7df933484a6f339","/data-table.ttf":"8345e74c8db803898f5e8c02254d4b8147cf57e52a55400a5206948b9c958b97","/default~pages-actions-cards-module~pages-charts-charts-module~pages-dashboard-dashboard-module~pages~086ea19a.js":"9f7bd3c1f241bfe19a90e8a5fcb0891f30ec6ef973ad73a7dbfd6df2a5b45de1","/default~pages-actions-cards-module~pages-charts-charts-module~pages-dashboard-dashboard-module~pages~086ea19a.js.map":"3e50319bc281a32d9c7df6f33622f45c146aac882061e78a4ffb143793885d51","/favicon.ico":"e844dd09782a3cc87564168224499ce71d76f5e82f1c3fb765a0ef3d0d3f5d00","/index.html":"f72fbe54189ccb847297e48b51e9eaaef278bee4cf9f327990c4cf6f23fe630f","/layers-2x.png":"1dc31a767898c4d54be2810bc7be063824e45e1f2268908a81e4d36719a6ccbb","/layers.png":"2fd7ba77eafe725887c4c34973a965234966f3b7e00c7f7af1ab7d3cc47eed70","/pages-actions-cards-module.js.map":"2f185415065e7168f0fa5aff0ae08969c0165abb667ec9688ed78cf6a786eb46","/pages-actions-cards-module.js":"cff1adbf74cede425347971d3fdbf570248d50732177e2540d026f48e52d4e94","/pages-charts-charts-module.js.map":"2868bfac18584707947fc6bdce9ef5b419855ca823635ac8272b19077343dd87","/pages-chat-chat-module.js.map":"47cde1bfc0f08b5250a6b869889670378f45018e9d114683cf6614687769483c","/pages-charts-charts-module.js":"98a6f90a6aeb1ed322bf96aa5ce142d778f5c94fc3c773c2a22718c3be18028a","/pages-chat-chat-module.js":"e6b8327d50829d65df38bc234ab305a88d221761e6c478895ebc50e1227ca796","/pages-dashboard-dashboard-module.js.map":"a6777cd14747336e5eec4650690d7842686f981bf0f0c2748dad256ed49b990c","/pages-dynamic-menu-dynamic-menu-module.js.map":"2c5801fbfa8fac967a790e04d2e6015b090a391ac077478f1e3c5a57dbe3e506","/pages-dynamic-menu-dynamic-menu-module.js":"69213d025cb40b4e19af06c46431a79f44dcee75c6438eb01bd3830e0a7b5a04","/pages-icons-icons-module.js":"1d9a833fc9488951ebea767cfe1fad0b72acaec56724778ebfc9b47a42d05fac","/pages-icons-icons-module.js.map":"880638d6257213ca44255b70e6e814f3a08b7432996470b491434f163f4b6f98","/header-bg.png":"02d68cb00137b12b02bf67b78406f17373181d4aa30749c1b19c02f7c8bd750f","/pages-dashboard-dashboard-module.js":"735c1738b162b73eb171db917ab0caccbd62c9d076f8ea240a946ea7df7ceeb7","/MaterialIcons-Regular.woff2":"7563bf44abf73ce7d7895fce4b98eec9bd6aebb6ad8a0e26d283ded4b29aa5aa","/pages-form-controls-form-controls-module.js.map":"34e030f9d29d83baa889d903e02c36e9b013905e2a12bfb42c0fcbf3e827fa65","/hammerjs.js":"6c90e738047606c0893039beb242f7518566afdc32f484ccd7c21d68dbb13cc6","/hammerjs.js.map":"67119b2b3cfeeb581c23af74c367eb82a4d8519d5c6523ea9575ee5636814fcb","/pages-drag-drop-drag-drop-module.js":"18dbfd87e39d52f7738f53284611ac216caefc63e30be60ac46ce31ac9b04c76","/pages-form-controls-form-controls-module.js":"8474783fab9faa36b5d5b67d753accae44b2907e92ba5ef3b17e381d66b6b9dd","/MaterialIcons-Regular.woff":"480b85cbcb26d10d32fe562a0c83409ebdd3b3ce1b6f24a34971e2e5a2b4f9fa","/pages-drag-drop-drag-drop-module.js.map":"766a6f40d6fe277d961e28946b5b116fdd93552ca644295bba7c4b97fcdccfc4","/pages-login-login-module.js.map":"1caf6fe5f461ce672a8afbbc360f63a36c09cbc2f202767c192fa482a4a24121","/pages-maps-maps-module.js":"caa5127e941a02d00055368cc836b9d08d4a263a1d2089540426ce9c2a184f71","/pages-maps-maps-module.js.map":"c69e727fa82999f1fce75c0156027f2c82b933050b9f1f43cd6e9d2a74cfd46e","/pages-profile-profile-module.js.map":"b4d8535e2f6d27c58a697d6ffd161089a81c9a469ec20f218dba662649ca9847","/pages-profile-profile-module.js":"d20d4e202f836b3797c514d5901577070cea283aa6691e69019684c61f1636c7","/pages-register-register-module.js.map":"25e9741e0f3e7702083dadaec2300f92b37fcc06affec201138d3b4d5799c888","/pages-landing-landing-module.js.map":"4fd00679b3564ebe47fac9c7f45c3855eaed9d943e6505f75558218b0d9f7fa7","/pages-schedule-schedule-module.js":"9a3fb59af3168dd0d3af499afae2f7956101be092c4416d10c6095702f72d15d","/pages-schedule-schedule-module.js.map":"838f9e32ede3c657c846f74c6cfad046b86e8325115a9387258c36c65ae2c854","/pages-tables-tables-module.js.map":"2051eb3d2d8696525e5b7e1e6e3814742859a9788d358676643831956736a9b5","/MaterialIcons-Regular.ttf":"7298099786723f37fad9d593142651d675024a6b25c3fa14ee1276a2b3e1f21e","/pages-login-login-module.js":"f4263744846ab3fc653e16287f5f537c7dddea316eb35fd67e3c92df56942192","/runtime.js":"f021b0d7f9db799c46078ab5beda8e9a1a44b10c8b901d4b44bdc235847f500a","/pages-register-register-module.js":"63c8728f9fb526001427c17d8401bc60c2254255911e56f68094f5e247b7eeb5","/fontawesome-webfont.woff2":"156e171dae6239bcd8304d42163d8b1e6bfd029759d46be88a4e446a51249ba2","/runtime.js.map":"1d4e827a25256879971baef358af805b161f47c1449c9790b67bb2fc28967d51","/pages-tables-tables-module.js":"04045752bbc20ff5d14a051c7fd667732794009020a513ef3a8007d18878a535","/pages-ui-ui-module.js.map":"a00f0b18d0aec14f6fed3c421965b98937d7053ae8b3d06ad777d449c3095368","/pages-mailbox-mailbox-module.js.map":"ef58fd50c69236e057cb3595d907224bd50cfc172962c529e8e4cf7d7d8cfa49","/fontawesome-webfont.woff":"9cb84ef5f51a04cf0dd3a9aec98c43ad4d44df442b7454c6b448913e36fb0c43","/default~pages-landing-landing-module~pages-maps-maps-module.js":"c9d0db0630824d0e99b5a8295a3847e48e6ffab2877419010c9cb869ac71f835","/MaterialIcons-Regular.eot":"c5b2fbebe46557235fbbec5c73372cc1b8d7394fd60e1b51b9aa6ea53ecc8288","/default~pages-landing-landing-module~pages-maps-maps-module.js.map":"6b65b9fefd80832f5219227e2ee90f1eb62c70ceeb4823cb23adc042c45581a8","/assets/data/company.json":"4b60dcd9dde545add12083738894eb31fbe881971bf7028ec75a9fae5cb12bb3","/pages-mailbox-mailbox-module.js":"759d731229aa62c9888a4f149e8e8f30f42a6b5deffb6868e4bb2250650afdd6","/main.js.map":"3003c3ae44c4eaecebab3b998d5143da56f511473b3411ff5a351c9a21938ff7","/pages-landing-landing-module.js":"4957debabf88731d31ede22ab014b281b4a87b610a39b0fda5ad2c937a64203f","/fontawesome-webfont.ttf":"225dc03087123b26cb71296d418705ec2e89e826acd04bfe6fc6353a0f5220c8","/pages-ui-ui-module.js":"0506ac7234bcbe23995c4fc9ac6defbb3780e7ea17c764f3f386e124a749e6f2","/assets/img/app/bluehost.jpg":"7725eef990a84b4ea9b2a5449b71638b71935fb53e58e3271960c49b59a85734","/polyfills.js":"79e4db44120ed880a28e44bc32e20c358c72d40b8b8ea2794c8423177ef446dc","/assets/img/app/envato.jpg":"031a6e0267166322999113de9056fbf8715500aebe4158c6a6a22096eac5f17a","/polyfills.js.map":"9cfa6e07fcfbdb58af06153ff11ec3b914abe4f91c705ebd3fa9f2d4a89f646f","/assets/img/app/google-platform.png":"8c6a22164cf26495b474eeedc26df6a152f422bff2b122e24c7d881421638a6a","/assets/img/app/mailchimp.jpg":"76056d43f9d968f405013949e1b52a735bda9c2341684232e41cad923474968e","/assets/img/app/no-image.png":"aeed719c552fb322e3b861cf227166526c74f2c14125e8752610833140614854","/fontawesome-webfont.eot":"9acdf34fe486fad3cfa8ef4aa925ebbe9e955c8a8d127bff4d427620b0eeb643","/assets/img/app/sample.jpg":"7ff102b3c2208845821bb94edd9169354777c407e54cc8ca7ca8b3cb30dc2f02","/assets/img/app/vs.jpg":"762e8a0e10411b6bac1c312de3f895906bb4ce3c9141b01a57a38edadcd2af5f","/assets/img/app/header-bg.png":"02d68cb00137b12b02bf67b78406f17373181d4aa30749c1b19c02f7c8bd750f","/assets/img/avatars/avatar-2.png":"2d671c6f0bd0c1fb44478d57292f8c8460769e2d5895d87dedc011ee9115affe","/default~pages-actions-cards-module~pages-tables-tables-module.js":"2a69e0fc41a555f09cf9c08fbb37a8425959a1dcad838db0a8272edf2a917cf5","/assets/img/avatars/avatar-1.png":"7f61a8308053a85e09b0902e91526a852c252244cbab42a685fd30461a550a3b","/default~pages-actions-cards-module~pages-tables-tables-module.js.map":"2029243cfa557acc7e2c46b9429d099d4fd38377799a48b44479da74a0edf699","/assets/img/avatars/avatar-6.png":"ec35a3480b83b5e7f9977997e2bbc765cb235ac078bbe31d7a2eed98e0efe40b","/main.js":"de6b73026d028596939b9b6e007d2c1d6d370ac129fa0865a1d784933985b45c","/assets/img/app/sky.jpg":"2ee1b1104b19c6ba1259c7f66a734bb3c86f5ab15408b56cd74480670cc99414","/assets/img/clients/best.png":"26bb46f73cc8689d59eff5eef93fe339344f54976f7a3930c2b8e165b825de5c","/assets/img/clients/bravo.png":"bbc3491daa9cf0ca9d8b425141ee91afa7b1311a535b4451c07fdc93035b86e9","/assets/img/clients/congrats.png":"4dd8c67102ed1074df1809eeb68323d5a03aa54df7346917d57cbb7002fb613c","/assets/img/clients/dream.png":"7ccd7d26899f6276d8ece0a3a89608517e20b57c142268b261770ce6b5e16f3e","/assets/img/app/sky-full.jpg":"57ecd55510626840a57dd067618433b9e0e77a92c10904809f846daa2971b3f3","/assets/img/clients/king.png":"c7fc784430762a6ee786dcc06555ea21df497349a58c074b61c571a088785a77","/assets/img/clients/easter.png":"ffd91c07ecd43bf3dc2b962be39a9d58e08df34f2031884350cc8bdfb47be1a2","/assets/img/avatars/avatar-3.png":"54c6f826f8e73e5290f3a705b8f36a1664702b37507de172d6840c67a3fc18e1","/assets/img/clients/love.png":"c7cd35884aac340f464b1aa8dd2bee11bfcd82babdbab60ce4bbbaa1edeaf32a","/assets/img/clients/special.png":"ba33c9e534de7d1f620c01cc8ec7aeabab4a520b88810ec2bbfd435d9849e459","/assets/img/clients/original.png":"dc8e1a885ae4f8fa5e2ce4b28a92cc66e0021b923aec6bee2cf4d30eb98be1c4","/assets/img/clients/the.png":"69d1a86c128ba298739704eaed2ec8e6d009409a030d74276eb4bc5b2622cd41","/assets/img/clients/with.png":"9a018fc7289264f68d637e8c8b0325eab502a563469182de199ea33a99dbee6b","/assets/img/avatars/avatar-4.png":"455fc555ef30b34eaab0a450585781d6a13472a59952f8e122ecf20d7f07ab5a","/assets/img/flags/de.svg":"0d703d74892b7222bb8826901ace88ac762f892d72e946687bbf55da05941379","/assets/img/avatars/avatar-5.png":"a03983f638403ae439c4e56dcaee28c8647299ccfe0354b63a884d7d646c19cb","/assets/img/flags/fr.svg":"8c09ec81bb5f889d32b98eecb77d80b0e315022029d0eb35269514c2c0fb69c6","/assets/img/avatars/avatar-10.png":"3da6d580892bca4f87a6bed009fd2fd39c4287ceb3e639fb2e911f2712f42b88","/assets/img/avatars/avatar-8.png":"6a23eff7221feb2b3172671513ec960e562f9db35e5299ca99a984e42cf40685","/assets/img/avatars/avatar-7.png":"34bf0e60d37ce43ce43f932029f9caf853cbe2371cdbdb86b41cd6b10c4f2100","/pages-users-users-module.js":"6b3e562a790ffee66a409c12480d55a440616d6457f4517269c8acea4cf3db28","/assets/img/avatars/avatar-9.png":"f12e63565078d9d0b63a67f4b0cf0c2e1443fce8531b6d1fda90ba9410917313","/pages-users-users-module.js.map":"bc55b18935caa3cef643d7737636d4a6f01d8c404907a5a05774d6258d732f30","/assets/img/flags/gb.svg":"a480a079ee47fc0216581752057c19f2ce0c007b4896e8ba60b6d5165c99777b","/assets/img/flags/ru.svg":"400f6f7aeb9f6f654c7b6ee0729e9ee45f8a5de3df8ef48c5df6ce297a1a2e06","/assets/img/flags/tr.svg":"68bd2925330b52b2b2e3768f85f73d1646f629324378d970a5def249802b3b26","/assets/img/users/default-user.jpg":"2a70d1ec57edcc1d36bf6fd6934de53b36b50c06ab11f27eef0793086c8d7b52","/assets/img/app/5.jpg":"ec8eeae6cdcf332f1d10c7f65ff92ba524e3f5d99b88e4c0d12f7283e1e105e2","/assets/img/vendor/leaflet/marker-icon-2x.png":"9dcbab4b77718175716deb1b7756751ab4bb30ec5e0eab04b4431eaba2ef07ec","/assets/img/vendor/leaflet/marker-shadow.png":"82841e5b04a4a34b950c4ff9b6acfabaebf2618fc206b7b8e4537d8b8afee1e5","/assets/img/vendor/leaflet/marker-icon.png":"b09d05fdfc2ca8302a6f7e5c26108747d50421287106b2244ec331c72afcda13","/assets/img/profile/adam.jpg":"a81c928bfd466754755db1fd7d586fb55420626af68d2fd65c73f005bae29336","/assets/img/profile/ashley.jpg":"94633ebea6f55f7eeffd19c623d2144e86e76e7f698b86b6de5a1c066fdb3c69","/assets/img/profile/bruno.jpg":"014475acc42bbf97431128f7194ee60a3a8eedce9c1315a375def0ada26b5da3","/assets/img/profile/julia.jpg":"84fc64e1722a91a942c290a202e9412d86fbe90f8f3857179408ad5b9a4bd362","/assets/img/profile/tereza.jpg":"1c70cab62e3ee9f1bc7610b298f3a70d59a6ad0f5186c071855a338c565d877b","/assets/img/app/2.jpg":"1f214e85e6baa35492aee83bfed7a738ddb3aa1c4144d4185aef95aed15edb55","/assets/img/projects/1.jpg":"8d21e9dded07aa62a366a4d3249fec97844b9a3c6cd41c68733a8a836710099a","/assets/img/profile/michael.jpg":"6c572a9b0c1c1962e27601bbbcc4d2a606ff40d9913ef2517f007947fbea9b30","/fontawesome-webfont.svg":"303fc405939cc4d296906102b8047b71a4ec14a7b51aa7a2abfaad416ec8fb3c","/assets/img/users/userold.jpg":"87f4357d7899a10b4b89604f29d36433b58171f3ed00828712a8dbde83cffdf2","/quill.js":"ed7c0274bfe5ecaa367210cb4c0d3df08e5b2313c5ca2761babc9ebd82e971c6","/assets/img/users/user.jpg":"c380ae95b23d65a3cc3942910ab023546646f79885495a788b1ab5db90dfed7a","/assets/img/projects/3.jpg":"44cb7e72ac614cc83adb9bc8a8a056ccddcd7ce34f6c8d3dc267d3347faa68db","/assets/img/app/6.jpg":"9dd651f2f99a69251b4f84fb17ad111c55fe6dd0f5330503d34bbba0a33e2c54","/assets/img/projects/2.jpg":"c3dbbac3600c087d89f57f969ad23ca91b4b4951251d949d72bc9f48b0e29a58","/assets/img/app/4.jpg":"60093c62db008f36e8a4fd03e359b9ed7b1879ca8316298148079b2082e08d69","/assets/img/users/user-orig-old.png":"12c043899b1530ccf004940a796b0b565bee1fc412113e20591b4b215144f84f","/assets/img/projects/4.jpg":"59540a7ffe98bd82a4dc876e3df44c4c03cde8f75b092ac598bbd70ca3d96391","/quill.js.map":"99af7f790f80fde3f98732f90de852aba0b76ecfb435f458e22de4fc5fddbe87","/assets/img/logo.png":"ddc2bb4a3c6885b14950e33631e6b46c4aa04f3598e6d10376c9c058f743a62c","/assets/img/app/7.jpg":"85e8f865ee128261223474763eb15d438db3c5d431ebf811f5c74f70d44e5423","/assets/img/app/1.jpg":"c7529abf3419e0ca43677692bec3f816fb23a736374099098faa86cd6e18a6e3","/styles.css.map":"9c3c832d7d92ec0a5a40ca6c6cf2c3541590367560689fb7cc74a8fceae4f31c","/styles.css":"0158f47d9033dfa3e06f7959b0bd0a2f2f280e6cf8066a04b3f258d5e7404d11","/assets/img/app/snow.jpg":"bd445e2ce6119e6e5c374e3fa07c9c2c51639008b3c1ea942946fc6dc1e0d02f","/assets/img/users/user-orig.png":"708035efa5dd699b09d1513e21f95ed600319503dc3b3ea9749c37ab88a531e5","/assets/img/app/3.jpg":"ae3b8b2582357c544bb061d8aafab28b9fae68747c3959ebb97de4a2dbacfc3d","/default~pages-actions-cards-module~pages-charts-charts-module~pages-dashboard-dashboard-module.js":"07ce9f91b939019abbfec06f7f615dc37078f1ea07b5a6c292e7c8a4018038e3","/default~pages-actions-cards-module~pages-charts-charts-module~pages-dashboard-dashboard-module.js.map":"0eae10b91ad14be7cb86ad09965bcc56a0f6356ace0648492848ec31e5a064c1","/vendor.js":"731ae17ccf44e2eee64bc8e94152a9f1537b196c6b2684444c4e341f7494765c","/vendor.js.map":"95fc633b51afc34a451e1f6f7e58a53ee10408e2aea7e0825ea387e9ec5ef32b"}}
[debug] [2021-03-02T03:55:06.473Z] <<< [apiv2][status] POST https://firebasehosting.googleapis.com/v1beta1/sites/spirovanni-369/versions/59d5d362d329d8ac:populateFiles 200
[debug] [2021-03-02T03:55:06.473Z] <<< [apiv2][body] POST https://firebasehosting.googleapis.com/v1beta1/sites/spirovanni-369/versions/59d5d362d329d8ac:populateFiles {"uploadRequiredHashes":["de6b73026d028596939b9b6e007d2c1d6d370ac129fa0865a1d784933985b45c","3003c3ae44c4eaecebab3b998d5143da56f511473b3411ff5a351c9a21938ff7"],"uploadUrl":"https://upload-firebasehosting.googleapis.com/upload/sites/spirovanni-369/versions/59d5d362d329d8ac/files"}
[debug] [2021-03-02T03:55:06.475Z] >>> [apiv2][query] POST https://upload-firebasehosting.googleapis.com/upload/sites/spirovanni-369/versions/59d5d362d329d8ac/files/de6b73026d028596939b9b6e007d2c1d6d370ac129fa0865a1d784933985b45c [none]
[debug] [2021-03-02T03:55:06.475Z] >>> [apiv2][body] POST https://upload-firebasehosting.googleapis.com/upload/sites/spirovanni-369/versions/59d5d362d329d8ac/files/de6b73026d028596939b9b6e007d2c1d6d370ac129fa0865a1d784933985b45c [stream]
[debug] [2021-03-02T03:55:06.476Z] >>> [apiv2][query] POST https://upload-firebasehosting.googleapis.com/upload/sites/spirovanni-369/versions/59d5d362d329d8ac/files/3003c3ae44c4eaecebab3b998d5143da56f511473b3411ff5a351c9a21938ff7 [none]
[debug] [2021-03-02T03:55:06.476Z] >>> [apiv2][body] POST https://upload-firebasehosting.googleapis.com/upload/sites/spirovanni-369/versions/59d5d362d329d8ac/files/3003c3ae44c4eaecebab3b998d5143da56f511473b3411ff5a351c9a21938ff7 [stream]
[debug] [2021-03-02T03:55:06.477Z] [hosting][populate queue][FINAL] {"max":745,"min":745,"avg":745,"active":0,"complete":1,"success":1,"errored":0,"retried":0,"total":1,"elapsed":747}
[debug] [2021-03-02T03:55:06.477Z] [hosting] uploads queued: 2
[debug] [2021-03-02T03:55:07.719Z] <<< [apiv2][status] POST https://upload-firebasehosting.googleapis.com/upload/sites/spirovanni-369/versions/59d5d362d329d8ac/files/de6b73026d028596939b9b6e007d2c1d6d370ac129fa0865a1d784933985b45c 200
[debug] [2021-03-02T03:55:07.719Z] <<< [apiv2][body] POST https://upload-firebasehosting.googleapis.com/upload/sites/spirovanni-369/versions/59d5d362d329d8ac/files/de6b73026d028596939b9b6e007d2c1d6d370ac129fa0865a1d784933985b45c [stream]
[debug] [2021-03-02T03:55:07.720Z] <<< [apiv2][status] POST https://upload-firebasehosting.googleapis.com/upload/sites/spirovanni-369/versions/59d5d362d329d8ac/files/3003c3ae44c4eaecebab3b998d5143da56f511473b3411ff5a351c9a21938ff7 200
[debug] [2021-03-02T03:55:07.720Z] <<< [apiv2][body] POST https://upload-firebasehosting.googleapis.com/upload/sites/spirovanni-369/versions/59d5d362d329d8ac/files/3003c3ae44c4eaecebab3b998d5143da56f511473b3411ff5a351c9a21938ff7 [stream]
[debug] [2021-03-02T03:55:07.720Z] [hosting][upload queue][FINAL] {"max":1246,"min":1245,"avg":1245.5,"active":0,"complete":2,"success":2,"errored":0,"retried":0,"total":2,"elapsed":1247}
[info] ✔  hosting[spirovanni-369]: file upload complete 
[debug] [2021-03-02T03:55:07.721Z] [hosting] deploy completed after 2789ms
[debug] [2021-03-02T03:55:07.989Z] [
  {
    "config": {
      "public": "dist/spirovanni",
      "ignore": [
        "firebase.json",
        "**/.*",
        "**/node_modules/**"
      ],
      "rewrites": [
        {
          "source": "**",
          "destination": "/index.html"
        }
      ],
      "site": "spirovanni-369"
    },
    "site": "spirovanni-369",
    "version": "sites/spirovanni-369/versions/59d5d362d329d8ac"
  }
]
[info] i  hosting[spirovanni-369]: finalizing version... 
[debug] [2021-03-02T03:55:07.991Z] > refreshing access token with scopes: ["email","https://www.googleapis.com/auth/cloud-platform","https://www.googleapis.com/auth/cloudplatformprojects.readonly","https://www.googleapis.com/auth/firebase","openid"]
[debug] [2021-03-02T03:55:07.991Z] >>> HTTP REQUEST POST https://www.googleapis.com/oauth2/v3/token  
 <request body omitted>
[debug] [2021-03-02T03:55:08.150Z] <<< HTTP RESPONSE 200 {"expires":"Mon, 01 Jan 1990 00:00:00 GMT","date":"Tue, 02 Mar 2021 03:55:08 GMT","pragma":"no-cache","cache-control":"no-cache, no-store, max-age=0, must-revalidate","content-type":"application/json; charset=utf-8","vary":"X-Origin, Referer, Origin,Accept-Encoding","server":"scaffolding on HTTPServer2","x-xss-protection":"0","x-frame-options":"SAMEORIGIN","x-content-type-options":"nosniff","alt-svc":"h3-29=\":443\"; ma=2592000,h3-T051=\":443\"; ma=2592000,h3-Q050=\":443\"; ma=2592000,h3-Q046=\":443\"; ma=2592000,h3-Q043=\":443\"; ma=2592000,quic=\":443\"; ma=2592000; v=\"46,43\"","accept-ranges":"none","transfer-encoding":"chunked"}
[debug] [2021-03-02T03:55:08.435Z] >>> HTTP REQUEST PATCH https://firebasehosting.googleapis.com/v1beta1/sites/spirovanni-369/versions/59d5d362d329d8ac?updateMask=status  
 {"status":"FINALIZED"}
[debug] [2021-03-02T03:55:10.430Z] <<< HTTP RESPONSE 200 {"content-type":"application/json; charset=UTF-8","vary":"X-Origin, Referer, Origin,Accept-Encoding","date":"Tue, 02 Mar 2021 03:55:09 GMT","server":"ESF","cache-control":"private","x-xss-protection":"0","x-frame-options":"SAMEORIGIN","x-content-type-options":"nosniff","alt-svc":"h3-29=\":443\"; ma=2592000,h3-T051=\":443\"; ma=2592000,h3-Q050=\":443\"; ma=2592000,h3-Q046=\":443\"; ma=2592000,h3-Q043=\":443\"; ma=2592000,quic=\":443\"; ma=2592000; v=\"46,43\"","accept-ranges":"none","transfer-encoding":"chunked"}
[debug] [2021-03-02T03:55:11.119Z] [hosting] finalized version for spirovanni-369: {"name":"sites/spirovanni-369/versions/59d5d362d329d8ac","status":"FINALIZED","config":{"rewrites":[{"glob":"**","path":"/index.html"}]},"labels":{"deployment-tool":"cli-firebase"},"createTime":"2021-03-02T03:55:04.623155Z","createUser":{"email":"BlackshieldsX@gmail.com"},"finalizeTime":"2021-03-02T03:55:08.999528Z","finalizeUser":{"email":"BlackshieldsX@gmail.com"}}
[info] ✔  hosting[spirovanni-369]: version finalized 
[info] i  hosting[spirovanni-369]: releasing new version... 
[debug] [2021-03-02T03:55:11.120Z] >>> HTTP REQUEST POST https://firebasehosting.googleapis.com/v1beta1/sites/spirovanni-369/releases?version_name=sites/spirovanni-369/versions/59d5d362d329d8ac  
 {"message":null}
[debug] [2021-03-02T03:55:11.427Z] <<< HTTP RESPONSE 200 {"content-type":"application/json; charset=UTF-8","vary":"X-Origin, Referer, Origin,Accept-Encoding","date":"Tue, 02 Mar 2021 03:55:11 GMT","server":"ESF","cache-control":"private","x-xss-protection":"0","x-frame-options":"SAMEORIGIN","x-content-type-options":"nosniff","alt-svc":"h3-29=\":443\"; ma=2592000,h3-T051=\":443\"; ma=2592000,h3-Q050=\":443\"; ma=2592000,h3-Q046=\":443\"; ma=2592000,h3-Q043=\":443\"; ma=2592000,quic=\":443\"; ma=2592000; v=\"46,43\"","accept-ranges":"none","transfer-encoding":"chunked"}
[debug] [2021-03-02T03:55:11.427Z] [hosting] release: {"name":"sites/spirovanni-369/releases/1614657310890976","version":{"name":"sites/spirovanni-369/versions/59d5d362d329d8ac","status":"FINALIZED","config":{"rewrites":[{"glob":"**","path":"/index.html"}]},"labels":{"deployment-tool":"cli-firebase"},"createTime":"2021-03-02T03:55:04.623155Z","createUser":{"email":"BlackshieldsX@gmail.com"},"finalizeTime":"2021-03-02T03:55:08.999528Z","finalizeUser":{"email":"BlackshieldsX@gmail.com"},"preview":{}},"type":"DEPLOY","releaseTime":"2021-03-02T03:55:10.890976162Z","releaseUser":{"email":"BlackshieldsX@gmail.com"}}
[info] ✔  hosting[spirovanni-369]: release complete 
[info] 
[info] ✔  Deploy complete! 
[info] 
[info] Project Console: https://console.firebase.google.com/project/spirovanni-369/overview
[info] Hosting URL: https://spirovanni-369.web.app
